{
  "stats": {
    "suites": 1,
    "tests": 1,
    "passes": 0,
    "pending": 0,
    "failures": 1,
    "start": "2022-08-24T05:12:07.001Z",
    "end": "2022-08-24T05:12:25.705Z",
    "duration": 18704,
    "testsRegistered": 1,
    "passPercent": 0,
    "pendingPercent": 0,
    "other": 0,
    "hasOther": false,
    "skipped": 0,
    "hasSkipped": false
  },
  "results": [
    {
      "uuid": "c02aad64-9c6d-4288-9614-ec35a7d92d0e",
      "title": "",
      "fullFile": "cypress/integration/secondTest.spec.js",
      "file": "cypress/integration/secondTest.spec.js",
      "beforeHooks": [],
      "afterHooks": [],
      "tests": [],
      "suites": [
        {
          "uuid": "aa5b7f07-e0b9-4feb-9983-40d2f77c08d3",
          "title": "Test log out",
          "fullFile": "",
          "file": "",
          "beforeHooks": [],
          "afterHooks": [],
          "tests": [
            {
              "title": "verify user can log out successfully",
              "fullTitle": "Test log out verify user can log out successfully",
              "timedOut": null,
              "duration": 5810,
              "state": "failed",
              "speed": null,
              "pass": false,
              "fail": true,
              "pending": false,
              "context": null,
              "code": "cy.contains('Settings').click();\ncy.contains('Or click here to logout').click();\ncy.get('.navbar-nav').should('contain', 'Sign up1');",
              "err": {
                "message": "AssertionError: Timed out retrying after 4000ms: expected '<ul.nav.navbar-nav.pull-xs-right>' to contain 'Sign up1'",
                "estack": "AssertionError: Timed out retrying after 4000ms: expected '<ul.nav.navbar-nav.pull-xs-right>' to contain 'Sign up1'\n    at Context.eval (http://localhost:4200/__cypress/tests?p=cypress/integration/secondTest.spec.js:106:27)",
                "diff": null
              },
              "uuid": "7bcf8bce-e928-46e9-bd96-9704ea83d286",
              "parentUUID": "aa5b7f07-e0b9-4feb-9983-40d2f77c08d3",
              "isHook": false,
              "skipped": false
            }
          ],
          "suites": [],
          "passes": [],
          "failures": [
            "7bcf8bce-e928-46e9-bd96-9704ea83d286"
          ],
          "pending": [],
          "skipped": [],
          "duration": 5810,
          "root": false,
          "rootEmpty": false,
          "_timeout": 2000
        }
      ],
      "passes": [],
      "failures": [],
      "pending": [],
      "skipped": [],
      "duration": 0,
      "root": true,
      "rootEmpty": true,
      "_timeout": 2000
    }
  ],
  "meta": {
    "mocha": {
      "version": "7.0.1"
    },
    "mochawesome": {
      "options": {
        "quiet": false,
        "reportFilename": "mochawesome",
        "saveHtml": false,
        "saveJson": true,
        "consoleReporter": "spec",
        "useInlineDiffs": false,
        "code": true
      },
      "version": "7.1.3"
    },
    "marge": {
      "options": {
        "id": "default",
        "reportDir": "cypress/results/mochawesome",
        "overwrite": false,
        "html": false,
        "json": true
      },
      "version": "6.2.0"
    }
  }
}